<?xml version="1.0" encoding="UTF-8"?>
<robot generator="Robot 6.0.2 (Python 3.9.13 on win32)" generated="20230120 17:45:18.893" rpa="false" schemaversion="3">
<suite id="s1" name="Demo1 App Launch" source="C:\Users\40032436\OneDrive - LTTS\Desktop\robot_project\appium_suite\demo1_app_launch.robot">
<test id="s1-t1" name="TC2" line="17">
<kw name="Open Application" library="AppiumLibrary">
<arg>remote_url=http://localhost:4723/wd/hub</arg>
<arg>platformName=android</arg>
<arg>deviceName=Redmi</arg>
<arg>app=C:\\Users\\40032436\\Components${/}khan-academy-7-3-2.apk</arg>
<doc>Opens a new application to given Appium server.
Capabilities of appium server, Android and iOS,
Please check https://github.com/appium/appium/blob/master/docs/en/writing-running-appium/server-args.md
| *Option*            | *Man.* | *Description*     |
| remote_url          | Yes    | Appium server url |
| alias               | no     | alias             |
| strict_ssl          | No     | allows you to send commands to an invalid certificate host like a self-signed one. |</doc>
<status status="PASS" starttime="20230120 17:45:19.258" endtime="20230120 17:45:33.418"/>
</kw>
<kw name="Sleep" library="BuiltIn">
<arg>15s</arg>
<doc>Pauses the test executed for the given time.</doc>
<msg timestamp="20230120 17:45:48.422" level="INFO">Slept 15 seconds</msg>
<status status="PASS" starttime="20230120 17:45:33.419" endtime="20230120 17:45:48.426"/>
</kw>
<kw name="Wait Until Page Contains Element" library="AppiumLibrary">
<arg>xpath=//*[@text='Dismiss']</arg>
<arg>30s</arg>
<doc>Waits until element specified with `locator` appears on current page.</doc>
<msg timestamp="20230120 17:45:48.714" level="INFO">xpath criteria: //*[@text='Dismiss']</msg>
<status status="PASS" starttime="20230120 17:45:48.426" endtime="20230120 17:45:48.715"/>
</kw>
<kw name="Click Element" library="AppiumLibrary">
<arg>xpath=//*[@text='Dismiss']</arg>
<doc>Click element identified by `locator`.</doc>
<msg timestamp="20230120 17:45:48.718" level="INFO">Clicking element 'xpath=//*[@text='Dismiss']'.</msg>
<msg timestamp="20230120 17:45:48.857" level="INFO">xpath criteria: //*[@text='Dismiss']</msg>
<status status="PASS" starttime="20230120 17:45:48.715" endtime="20230120 17:45:48.857"/>
</kw>
<kw name="Wait Until Page Contains Element" library="AppiumLibrary">
<arg>xpath=//android.widget.TextView[@text='Sign in']</arg>
<arg>30s</arg>
<doc>Waits until element specified with `locator` appears on current page.</doc>
<msg timestamp="20230120 17:45:49.955" level="INFO">xpath criteria: //android.widget.TextView[@text='Sign in']
xpath criteria: //android.widget.TextView[@text='Sign in']</msg>
<status status="PASS" starttime="20230120 17:45:48.858" endtime="20230120 17:45:49.956"/>
</kw>
<kw name="Click Element" library="AppiumLibrary">
<arg>xpath=//android.widget.TextView[@text='Sign in']</arg>
<doc>Click element identified by `locator`.</doc>
<msg timestamp="20230120 17:45:49.959" level="INFO">Clicking element 'xpath=//android.widget.TextView[@text='Sign in']'.</msg>
<msg timestamp="20230120 17:45:50.091" level="INFO">xpath criteria: //android.widget.TextView[@text='Sign in']</msg>
<status status="PASS" starttime="20230120 17:45:49.956" endtime="20230120 17:45:50.092"/>
</kw>
<kw name="Wait Until Page Contains Element" library="AppiumLibrary">
<arg>xpath=//android.widget.TextView[@text='Sign in']</arg>
<arg>30s</arg>
<doc>Waits until element specified with `locator` appears on current page.</doc>
<msg timestamp="20230120 17:45:50.954" level="INFO">xpath criteria: //android.widget.TextView[@text='Sign in']</msg>
<status status="PASS" starttime="20230120 17:45:50.092" endtime="20230120 17:45:50.954"/>
</kw>
<kw name="Click Element" library="AppiumLibrary">
<arg>xpath=//android.widget.TextView[@text='Sign in']</arg>
<doc>Click element identified by `locator`.</doc>
<msg timestamp="20230120 17:45:50.955" level="INFO">Clicking element 'xpath=//android.widget.TextView[@text='Sign in']'.</msg>
<msg timestamp="20230120 17:45:51.053" level="INFO">xpath criteria: //android.widget.TextView[@text='Sign in']</msg>
<status status="PASS" starttime="20230120 17:45:50.954" endtime="20230120 17:45:51.053"/>
</kw>
<kw name="Wait Until Page Contains Element" library="AppiumLibrary">
<arg>xpath=//android.widget.EditText[@text='Enter an e-mail address or username']</arg>
<arg>30s</arg>
<doc>Waits until element specified with `locator` appears on current page.</doc>
<msg timestamp="20230120 17:45:51.940" level="INFO">xpath criteria: //android.widget.EditText[@text='Enter an e-mail address or username']</msg>
<status status="PASS" starttime="20230120 17:45:51.054" endtime="20230120 17:45:51.940"/>
</kw>
<kw name="Input Text" library="AppiumLibrary">
<arg>xpath=//android.widget.EditText[@text='Enter an e-mail address or username']</arg>
<arg>rahul</arg>
<doc>Types the given `text` into text field identified by `locator`.</doc>
<msg timestamp="20230120 17:45:51.943" level="INFO">Typing text 'rahul' into text field 'xpath=//android.widget.EditText[@text='Enter an e-mail address or username']'</msg>
<msg timestamp="20230120 17:45:52.531" level="INFO">xpath criteria: //android.widget.EditText[@text='Enter an e-mail address or username']</msg>
<status status="PASS" starttime="20230120 17:45:51.940" endtime="20230120 17:45:52.532"/>
</kw>
<kw name="Wait Until Page Contains Element" library="AppiumLibrary">
<arg>xpath=//android.widget.EditText[@text='Password']</arg>
<doc>Waits until element specified with `locator` appears on current page.</doc>
<msg timestamp="20230120 17:45:53.174" level="INFO">xpath criteria: //android.widget.EditText[@text='Password']</msg>
<status status="PASS" starttime="20230120 17:45:52.532" endtime="20230120 17:45:53.174"/>
</kw>
<kw name="Input Text" library="AppiumLibrary">
<arg>xpath=//android.widget.EditText[@text='Password']</arg>
<arg>123456</arg>
<doc>Types the given `text` into text field identified by `locator`.</doc>
<msg timestamp="20230120 17:45:53.178" level="INFO">Typing text '123456' into text field 'xpath=//android.widget.EditText[@text='Password']'</msg>
<msg timestamp="20230120 17:45:53.354" level="INFO">xpath criteria: //android.widget.EditText[@text='Password']</msg>
<status status="PASS" starttime="20230120 17:45:53.175" endtime="20230120 17:45:53.354"/>
</kw>
<kw name="Wait Until Page Contains Element" library="AppiumLibrary">
<arg>xpath=//android.widget.Button[@content-desc="Sign in"]</arg>
<arg>30s</arg>
<doc>Waits until element specified with `locator` appears on current page.</doc>
<msg timestamp="20230120 17:45:53.997" level="INFO">xpath criteria: //android.widget.Button[@content-desc="Sign in"]</msg>
<status status="PASS" starttime="20230120 17:45:53.355" endtime="20230120 17:45:53.997"/>
</kw>
<kw name="Click Element" library="AppiumLibrary">
<arg>xpath=//android.widget.Button[@content-desc="Sign in"]</arg>
<doc>Click element identified by `locator`.</doc>
<msg timestamp="20230120 17:45:53.998" level="INFO">Clicking element 'xpath=//android.widget.Button[@content-desc="Sign in"]'.</msg>
<msg timestamp="20230120 17:45:54.206" level="INFO">xpath criteria: //android.widget.Button[@content-desc="Sign in"]</msg>
<status status="PASS" starttime="20230120 17:45:53.997" endtime="20230120 17:45:54.206"/>
</kw>
<kw name="Wait Until Page Contains Element" library="AppiumLibrary">
<arg>xpath=//android.widget.TextView[@text='There was an issue signing in']</arg>
<arg>30s</arg>
<doc>Waits until element specified with `locator` appears on current page.</doc>
<msg timestamp="20230120 17:45:55.401" level="INFO">xpath criteria: //android.widget.TextView[@text='There was an issue signing in']
xpath criteria: //android.widget.TextView[@text='There was an issue signing in']</msg>
<status status="PASS" starttime="20230120 17:45:54.206" endtime="20230120 17:45:55.401"/>
</kw>
<kw name="Element Should Contain Text" library="AppiumLibrary">
<arg>xpath=//android.widget.TextView[@text='There was an issue signing in']</arg>
<arg>There was an issue signing in</arg>
<doc>Verifies element identified by ``locator`` contains text ``expected``.</doc>
<msg timestamp="20230120 17:45:55.412" level="INFO">Verifying element 'xpath=//android.widget.TextView[@text='There was an issue signing in']' contains text 'There was an issue signing in'.</msg>
<msg timestamp="20230120 17:45:55.954" level="INFO">xpath criteria: //android.widget.TextView[@text='There was an issue signing in']</msg>
<status status="PASS" starttime="20230120 17:45:55.402" endtime="20230120 17:45:55.955"/>
</kw>
<kw name="Sleep" library="BuiltIn">
<arg>5s</arg>
<doc>Pauses the test executed for the given time.</doc>
<msg timestamp="20230120 17:46:00.958" level="INFO">Slept 5 seconds</msg>
<status status="PASS" starttime="20230120 17:45:55.955" endtime="20230120 17:46:00.958"/>
</kw>
<kw name="Close Application" library="AppiumLibrary" type="TEARDOWN">
<doc>Closes the current application and also close webdriver session.</doc>
<status status="PASS" starttime="20230120 17:46:00.959" endtime="20230120 17:46:01.588"/>
</kw>
<status status="PASS" starttime="20230120 17:45:19.257" endtime="20230120 17:46:01.588"/>
</test>
<status status="PASS" starttime="20230120 17:45:18.898" endtime="20230120 17:46:01.589"/>
</suite>
<statistics>
<total>
<stat pass="1" fail="0" skip="0">All Tests</stat>
</total>
<tag>
</tag>
<suite>
<stat pass="1" fail="0" skip="0" id="s1" name="Demo1 App Launch">Demo1 App Launch</stat>
</suite>
</statistics>
<errors>
</errors>
</robot>
